#
# There is insufficient memory for the Java Runtime Environment to continue.
# Native memory allocation (malloc) failed to allocate 504816 bytes. Error detail: Chunk::new
# Possible reasons:
#   The system is out of physical RAM or swap space
#   This process is running with CompressedOops enabled, and the Java Heap may be blocking the growth of the native heap
# Possible solutions:
#   Reduce memory load on the system
#   Increase physical memory or swap space
#   Check if swap backing store is full
#   Decrease Java heap size (-Xmx/-Xms)
#   Decrease number of Java threads
#   Decrease Java thread stack sizes (-Xss)
#   Set larger code cache with -XX:ReservedCodeCacheSize=
#   JVM is running with Zero Based Compressed Oops mode in which the Java heap is
#     placed in the first 32GB address space. The Java Heap base address is the
#     maximum limit for the native heap growth. Please use -XX:HeapBaseMinAddress
#     to set the Java Heap base and to place the Java Heap above 32GB virtual address.
# This output file may be truncated or incomplete.
#
#  Out of Memory Error (arena.cpp:168), pid=14164, tid=13860
#
# JRE version: OpenJDK Runtime Environment Microsoft-11369940 (21.0.7+6) (build 21.0.7+6-LTS)
# Java VM: OpenJDK 64-Bit Server VM Microsoft-11369940 (21.0.7+6-LTS, mixed mode, sharing, tiered, compressed oops, compressed class ptrs, g1 gc, windows-amd64)
# No core dump will be written. Minidumps are not enabled by default on client versions of Windows
#

---------------  S U M M A R Y ------------

Command Line: -javaagent:C:\Program Files\JetBrains\IntelliJ IDEA Community Edition 2023.3.5\lib\idea_rt.jar=51112:C:\Program Files\JetBrains\IntelliJ IDEA Community Edition 2023.3.5\bin -Dfile.encoding=UTF-8 -Dsun.stdout.encoding=UTF-8 -Dsun.stderr.encoding=UTF-8 com.example.BanHang.BanHangApplication

Host: AMD Ryzen 5 5600H with Radeon Graphics         , 12 cores, 15G,  Windows 11 , 64 bit Build 26100 (10.0.26100.4484)
Time: Sun Aug 31 23:18:10 2025 SE Asia Standard Time elapsed time: 5.749687 seconds (0d 0h 0m 5s)

---------------  T H R E A D  ---------------

Current thread (0x0000027dd57383c0):  JavaThread "C2 CompilerThread0" daemon [_thread_in_native, id=13860, stack(0x000000b2f8200000,0x000000b2f8300000) (1024K)]


Current CompileTask:
C2:5749 1561       4       org.springframework.boot.context.config.ConfigDataEnvironmentContributor$ContributorIterator::fetchIfNecessary (153 bytes)

Stack: [0x000000b2f8200000,0x000000b2f8300000]
Native frames: (J=compiled Java code, j=interpreted, Vv=VM code, C=native code)
V  [jvm.dll+0x6d4bb9]
V  [jvm.dll+0x8afa11]
V  [jvm.dll+0x8b1f3e]
V  [jvm.dll+0x8b2623]
V  [jvm.dll+0x280816]
V  [jvm.dll+0xc52bd]
V  [jvm.dll+0xc57f3]
V  [jvm.dll+0x2f614e]
V  [jvm.dll+0x5fd11a]
V  [jvm.dll+0x251a82]
V  [jvm.dll+0x251e3f]
V  [jvm.dll+0x24a4a1]
V  [jvm.dll+0x2478d4]
V  [jvm.dll+0x1c7aaf]
V  [jvm.dll+0x257819]
V  [jvm.dll+0x255bca]
V  [jvm.dll+0x3f5af6]
V  [jvm.dll+0x85916b]
V  [jvm.dll+0x6d327d]
C  [ucrtbase.dll+0x37b0]
C  [KERNEL32.DLL+0x2e8d7]
C  [ntdll.dll+0x3c34c]


---------------  P R O C E S S  ---------------

Threads class SMR info:
_java_thread_list=0x0000027e1bf76fd0, length=13, elements={
0x0000027db448f570, 0x0000027dd571d790, 0x0000027dd571ed50, 0x0000027dd5729d00,
0x0000027dd572a750, 0x0000027dd572e030, 0x0000027dd5730c30, 0x0000027dd57383c0,
0x0000027dd573ce10, 0x0000027dd5731fe0, 0x0000027dd5732d00, 0x0000027dd5732670,
0x0000027e1b44d490
}

Java Threads: ( => current thread )
  0x0000027db448f570 JavaThread "main"                              [_thread_in_Java, id=15776, stack(0x000000b2f7400000,0x000000b2f7500000) (1024K)]
  0x0000027dd571d790 JavaThread "Reference Handler"          daemon [_thread_blocked, id=4660, stack(0x000000b2f7c00000,0x000000b2f7d00000) (1024K)]
  0x0000027dd571ed50 JavaThread "Finalizer"                  daemon [_thread_blocked, id=19812, stack(0x000000b2f7d00000,0x000000b2f7e00000) (1024K)]
  0x0000027dd5729d00 JavaThread "Signal Dispatcher"          daemon [_thread_blocked, id=22764, stack(0x000000b2f7e00000,0x000000b2f7f00000) (1024K)]
  0x0000027dd572a750 JavaThread "Attach Listener"            daemon [_thread_blocked, id=2892, stack(0x000000b2f7f00000,0x000000b2f8000000) (1024K)]
  0x0000027dd572e030 JavaThread "Service Thread"             daemon [_thread_blocked, id=21472, stack(0x000000b2f8000000,0x000000b2f8100000) (1024K)]
  0x0000027dd5730c30 JavaThread "Monitor Deflation Thread"   daemon [_thread_blocked, id=7476, stack(0x000000b2f8100000,0x000000b2f8200000) (1024K)]
=>0x0000027dd57383c0 JavaThread "C2 CompilerThread0"         daemon [_thread_in_native, id=13860, stack(0x000000b2f8200000,0x000000b2f8300000) (1024K)]
  0x0000027dd573ce10 JavaThread "C1 CompilerThread0"         daemon [_thread_in_vm, id=1824, stack(0x000000b2f8300000,0x000000b2f8400000) (1024K)]
  0x0000027dd5731fe0 JavaThread "Common-Cleaner"             daemon [_thread_blocked, id=20336, stack(0x000000b2f8400000,0x000000b2f8500000) (1024K)]
  0x0000027dd5732d00 JavaThread "Monitor Ctrl-Break"         daemon [_thread_in_native, id=14768, stack(0x000000b2f8600000,0x000000b2f8700000) (1024K)]
  0x0000027dd5732670 JavaThread "Notification Thread"        daemon [_thread_blocked, id=10508, stack(0x000000b2f8700000,0x000000b2f8800000) (1024K)]
  0x0000027e1b44d490 JavaThread "C2 CompilerThread1"         daemon [_thread_in_native, id=11396, stack(0x000000b2f8500000,0x000000b2f8600000) (1024K)]
Total: 13

Other Threads:
  0x0000027dd57052c0 VMThread "VM Thread"                           [id=11476, stack(0x000000b2f7b00000,0x000000b2f7c00000) (1024K)]
  0x0000027dd56f0d70 WatcherThread "VM Periodic Task Thread"        [id=14488, stack(0x000000b2f7a00000,0x000000b2f7b00000) (1024K)]
  0x0000027db6a28360 WorkerThread "GC Thread#0"                     [id=12452, stack(0x000000b2f7500000,0x000000b2f7600000) (1024K)]
  0x0000027e1b9c2050 WorkerThread "GC Thread#1"                     [id=23264, stack(0x000000b2f8800000,0x000000b2f8900000) (1024K)]
  0x0000027e1b9c23f0 WorkerThread "GC Thread#2"                     [id=7808, stack(0x000000b2f8900000,0x000000b2f8a00000) (1024K)]
  0x0000027e1b9c2790 WorkerThread "GC Thread#3"                     [id=16768, stack(0x000000b2f8a00000,0x000000b2f8b00000) (1024K)]
  0x0000027e1b9c2b30 WorkerThread "GC Thread#4"                     [id=8344, stack(0x000000b2f8b00000,0x000000b2f8c00000) (1024K)]
  0x0000027e1bee0ff0 WorkerThread "GC Thread#5"                     [id=20136, stack(0x000000b2f8c00000,0x000000b2f8d00000) (1024K)]
  0x0000027db6a39840 ConcurrentGCThread "G1 Main Marker"            [id=11144, stack(0x000000b2f7600000,0x000000b2f7700000) (1024K)]
  0x0000027db6a3a340 WorkerThread "G1 Conc#0"                       [id=8400, stack(0x000000b2f7700000,0x000000b2f7800000) (1024K)]
  0x0000027db6a7e930 ConcurrentGCThread "G1 Refine#0"               [id=1176, stack(0x000000b2f7800000,0x000000b2f7900000) (1024K)]
  0x0000027dd55c0400 ConcurrentGCThread "G1 Service"                [id=14320, stack(0x000000b2f7900000,0x000000b2f7a00000) (1024K)]
Total: 12

Threads with active compile tasks:
C2 CompilerThread0  5795 1561       4       org.springframework.boot.context.config.ConfigDataEnvironmentContributor$ContributorIterator::fetchIfNecessary (153 bytes)
C1 CompilerThread0  5795 1678       3       org.springframework.boot.context.properties.source.SpringIterableConfigurationPropertySource::getConfigurationProperty (91 bytes)
C2 CompilerThread1  5795 1680       4       java.util.stream.SpinedBuffer::accept (94 bytes)
Total: 3

VM state: not at safepoint (normal execution)

VM Mutex/Monitor currently owned by a thread: None

Heap address: 0x0000000709800000, size: 3944 MB, Compressed Oops mode: Zero based, Oop shift amount: 3

CDS archive(s) mapped at: [0x0000027dd6000000-0x0000027dd6c80000-0x0000027dd6c80000), size 13107200, SharedBaseAddress: 0x0000027dd6000000, ArchiveRelocationMode: 1.
Compressed class space mapped at: 0x0000027dd7000000-0x0000027e17000000, reserved size: 1073741824
Narrow klass base: 0x0000027dd6000000, Narrow klass shift: 0, Narrow klass range: 0x100000000

GC Precious Log:
 CardTable entry size: 512
 Card Set container configuration: InlinePtr #cards 4 size 8 Array Of Cards #cards 16 size 48 Howl #buckets 8 coarsen threshold 3686 Howl Bitmap #cards 512 size 80 coarsen threshold 460 Card regions per heap region 1 cards per card region 4096
 CPUs: 12 total, 12 available
 Memory: 15773M
 Large Page Support: Disabled
 NUMA Support: Disabled
 Compressed Oops: Enabled (Zero based)
 Heap Region Size: 2M
 Heap Min Capacity: 8M
 Heap Initial Capacity: 248M
 Heap Max Capacity: 3944M
 Pre-touch: Disabled
 Parallel Workers: 10
 Concurrent Workers: 3
 Concurrent Refinement Workers: 10
 Periodic GC: Disabled

Heap:
 garbage-first heap   total 253952K, used 18045K [0x0000000709800000, 0x0000000800000000)
  region size 2048K, 8 young (16384K), 2 survivors (4096K)
 Metaspace       used 9029K, committed 9408K, reserved 1114112K
  class space    used 1087K, committed 1280K, reserved 1048576K

Heap Regions: E=young(eden), S=young(survivor), O=old, HS=humongous(starts), HC=humongous(continues), CS=collection set, F=free, TAMS=top-at-mark-start, PB=parsable bottom
|   0|0x0000000709800000, 0x0000000709a00000, 0x0000000709a00000|100%| O|  |TAMS 0x0000000709800000| PB 0x0000000709800000| Untracked 
|   1|0x0000000709a00000, 0x0000000709b9f7c8, 0x0000000709c00000| 81%| O|  |TAMS 0x0000000709a00000| PB 0x0000000709a00000| Untracked 
|   2|0x0000000709c00000, 0x0000000709c00000, 0x0000000709e00000|  0%| F|  |TAMS 0x0000000709c00000| PB 0x0000000709c00000| Untracked 
|   3|0x0000000709e00000, 0x0000000709e00000, 0x000000070a000000|  0%| F|  |TAMS 0x0000000709e00000| PB 0x0000000709e00000| Untracked 
|   4|0x000000070a000000, 0x000000070a000000, 0x000000070a200000|  0%| F|  |TAMS 0x000000070a000000| PB 0x000000070a000000| Untracked 
|   5|0x000000070a200000, 0x000000070a200000, 0x000000070a400000|  0%| F|  |TAMS 0x000000070a200000| PB 0x000000070a200000| Untracked 
|   6|0x000000070a400000, 0x000000070a400000, 0x000000070a600000|  0%| F|  |TAMS 0x000000070a400000| PB 0x000000070a400000| Untracked 
|   7|0x000000070a600000, 0x000000070a600000, 0x000000070a800000|  0%| F|  |TAMS 0x000000070a600000| PB 0x000000070a600000| Untracked 
|   8|0x000000070a800000, 0x000000070a800000, 0x000000070aa00000|  0%| F|  |TAMS 0x000000070a800000| PB 0x000000070a800000| Untracked 
|   9|0x000000070aa00000, 0x000000070aa00000, 0x000000070ac00000|  0%| F|  |TAMS 0x000000070aa00000| PB 0x000000070aa00000| Untracked 
|  10|0x000000070ac00000, 0x000000070ac00000, 0x000000070ae00000|  0%| F|  |TAMS 0x000000070ac00000| PB 0x000000070ac00000| Untracked 
|  11|0x000000070ae00000, 0x000000070ae00000, 0x000000070b000000|  0%| F|  |TAMS 0x000000070ae00000| PB 0x000000070ae00000| Untracked 
|  12|0x000000070b000000, 0x000000070b000000, 0x000000070b200000|  0%| F|  |TAMS 0x000000070b000000| PB 0x000000070b000000| Untracked 
|  13|0x000000070b200000, 0x000000070b200000, 0x000000070b400000|  0%| F|  |TAMS 0x000000070b200000| PB 0x000000070b200000| Untracked 
|  14|0x000000070b400000, 0x000000070b400000, 0x000000070b600000|  0%| F|  |TAMS 0x000000070b400000| PB 0x000000070b400000| Untracked 
|  15|0x000000070b600000, 0x000000070b600000, 0x000000070b800000|  0%| F|  |TAMS 0x000000070b600000| PB 0x000000070b600000| Untracked 
|  16|0x000000070b800000, 0x000000070b800000, 0x000000070ba00000|  0%| F|  |TAMS 0x000000070b800000| PB 0x000000070b800000| Untracked 
|  17|0x000000070ba00000, 0x000000070ba00000, 0x000000070bc00000|  0%| F|  |TAMS 0x000000070ba00000| PB 0x000000070ba00000| Untracked 
|  18|0x000000070bc00000, 0x000000070bc00000, 0x000000070be00000|  0%| F|  |TAMS 0x000000070bc00000| PB 0x000000070bc00000| Untracked 
|  19|0x000000070be00000, 0x000000070be00000, 0x000000070c000000|  0%| F|  |TAMS 0x000000070be00000| PB 0x000000070be00000| Untracked 
|  20|0x000000070c000000, 0x000000070c000000, 0x000000070c200000|  0%| F|  |TAMS 0x000000070c000000| PB 0x000000070c000000| Untracked 
|  21|0x000000070c200000, 0x000000070c200000, 0x000000070c400000|  0%| F|  |TAMS 0x000000070c200000| PB 0x000000070c200000| Untracked 
|  22|0x000000070c400000, 0x000000070c400000, 0x000000070c600000|  0%| F|  |TAMS 0x000000070c400000| PB 0x000000070c400000| Untracked 
|  23|0x000000070c600000, 0x000000070c600000, 0x000000070c800000|  0%| F|  |TAMS 0x000000070c600000| PB 0x000000070c600000| Untracked 
|  24|0x000000070c800000, 0x000000070c800000, 0x000000070ca00000|  0%| F|  |TAMS 0x000000070c800000| PB 0x000000070c800000| Untracked 
|  25|0x000000070ca00000, 0x000000070ca00000, 0x000000070cc00000|  0%| F|  |TAMS 0x000000070ca00000| PB 0x000000070ca00000| Untracked 
|  26|0x000000070cc00000, 0x000000070cc00000, 0x000000070ce00000|  0%| F|  |TAMS 0x000000070cc00000| PB 0x000000070cc00000| Untracked 
|  27|0x000000070ce00000, 0x000000070ce00000, 0x000000070d000000|  0%| F|  |TAMS 0x000000070ce00000| PB 0x000000070ce00000| Untracked 
|  28|0x000000070d000000, 0x000000070d000000, 0x000000070d200000|  0%| F|  |TAMS 0x000000070d000000| PB 0x000000070d000000| Untracked 
|  29|0x000000070d200000, 0x000000070d200000, 0x000000070d400000|  0%| F|  |TAMS 0x000000070d200000| PB 0x000000070d200000| Untracked 
|  30|0x000000070d400000, 0x000000070d400000, 0x000000070d600000|  0%| F|  |TAMS 0x000000070d400000| PB 0x000000070d400000| Untracked 
|  31|0x000000070d600000, 0x000000070d600000, 0x000000070d800000|  0%| F|  |TAMS 0x000000070d600000| PB 0x000000070d600000| Untracked 
|  32|0x000000070d800000, 0x000000070d800000, 0x000000070da00000|  0%| F|  |TAMS 0x000000070d800000| PB 0x000000070d800000| Untracked 
|  33|0x000000070da00000, 0x000000070da00000, 0x000000070dc00000|  0%| F|  |TAMS 0x000000070da00000| PB 0x000000070da00000| Untracked 
|  34|0x000000070dc00000, 0x000000070dc00000, 0x000000070de00000|  0%| F|  |TAMS 0x000000070dc00000| PB 0x000000070dc00000| Untracked 
|  35|0x000000070de00000, 0x000000070de00000, 0x000000070e000000|  0%| F|  |TAMS 0x000000070de00000| PB 0x000000070de00000| Untracked 
|  36|0x000000070e000000, 0x000000070e000000, 0x000000070e200000|  0%| F|  |TAMS 0x000000070e000000| PB 0x000000070e000000| Untracked 
|  37|0x000000070e200000, 0x000000070e200000, 0x000000070e400000|  0%| F|  |TAMS 0x000000070e200000| PB 0x000000070e200000| Untracked 
|  38|0x000000070e400000, 0x000000070e400000, 0x000000070e600000|  0%| F|  |TAMS 0x000000070e400000| PB 0x000000070e400000| Untracked 
|  39|0x000000070e600000, 0x000000070e600000, 0x000000070e800000|  0%| F|  |TAMS 0x000000070e600000| PB 0x000000070e600000| Untracked 
|  40|0x000000070e800000, 0x000000070e800000, 0x000000070ea00000|  0%| F|  |TAMS 0x000000070e800000| PB 0x000000070e800000| Untracked 
|  41|0x000000070ea00000, 0x000000070ea00000, 0x000000070ec00000|  0%| F|  |TAMS 0x000000070ea00000| PB 0x000000070ea00000| Untracked 
|  42|0x000000070ec00000, 0x000000070ec00000, 0x000000070ee00000|  0%| F|  |TAMS 0x000000070ec00000| PB 0x000000070ec00000| Untracked 
|  43|0x000000070ee00000, 0x000000070ee00000, 0x000000070f000000|  0%| F|  |TAMS 0x000000070ee00000| PB 0x000000070ee00000| Untracked 
|  44|0x000000070f000000, 0x000000070f000000, 0x000000070f200000|  0%| F|  |TAMS 0x000000070f000000| PB 0x000000070f000000| Untracked 
|  45|0x000000070f200000, 0x000000070f200000, 0x000000070f400000|  0%| F|  |TAMS 0x000000070f200000| PB 0x000000070f200000| Untracked 
|  46|0x000000070f400000, 0x000000070f400000, 0x000000070f600000|  0%| F|  |TAMS 0x000000070f400000| PB 0x000000070f400000| Untracked 
|  47|0x000000070f600000, 0x000000070f600000, 0x000000070f800000|  0%| F|  |TAMS 0x000000070f600000| PB 0x000000070f600000| Untracked 
|  48|0x000000070f800000, 0x000000070f800000, 0x000000070fa00000|  0%| F|  |TAMS 0x000000070f800000| PB 0x000000070f800000| Untracked 
|  49|0x000000070fa00000, 0x000000070fa00000, 0x000000070fc00000|  0%| F|  |TAMS 0x000000070fa00000| PB 0x000000070fa00000| Untracked 
|  50|0x000000070fc00000, 0x000000070fc00000, 0x000000070fe00000|  0%| F|  |TAMS 0x000000070fc00000| PB 0x000000070fc00000| Untracked 
|  51|0x000000070fe00000, 0x000000070fe00000, 0x0000000710000000|  0%| F|  |TAMS 0x000000070fe00000| PB 0x000000070fe00000| Untracked 
|  52|0x0000000710000000, 0x0000000710000000, 0x0000000710200000|  0%| F|  |TAMS 0x0000000710000000| PB 0x0000000710000000| Untracked 
|  53|0x0000000710200000, 0x0000000710200000, 0x0000000710400000|  0%| F|  |TAMS 0x0000000710200000| PB 0x0000000710200000| Untracked 
|  54|0x0000000710400000, 0x0000000710400000, 0x0000000710600000|  0%| F|  |TAMS 0x0000000710400000| PB 0x0000000710400000| Untracked 
|  55|0x0000000710600000, 0x0000000710600000, 0x0000000710800000|  0%| F|  |TAMS 0x0000000710600000| PB 0x0000000710600000| Untracked 
|  56|0x0000000710800000, 0x0000000710800000, 0x0000000710a00000|  0%| F|  |TAMS 0x0000000710800000| PB 0x0000000710800000| Untracked 
|  57|0x0000000710a00000, 0x0000000710a00000, 0x0000000710c00000|  0%| F|  |TAMS 0x0000000710a00000| PB 0x0000000710a00000| Untracked 
|  58|0x0000000710c00000, 0x0000000710c00000, 0x0000000710e00000|  0%| F|  |TAMS 0x0000000710c00000| PB 0x0000000710c00000| Untracked 
|  59|0x0000000710e00000, 0x0000000710e00000, 0x0000000711000000|  0%| F|  |TAMS 0x0000000710e00000| PB 0x0000000710e00000| Untracked 
|  60|0x0000000711000000, 0x0000000711000000, 0x0000000711200000|  0%| F|  |TAMS 0x0000000711000000| PB 0x0000000711000000| Untracked 
|  61|0x0000000711200000, 0x0000000711200000, 0x0000000711400000|  0%| F|  |TAMS 0x0000000711200000| PB 0x0000000711200000| Untracked 
|  62|0x0000000711400000, 0x0000000711400000, 0x0000000711600000|  0%| F|  |TAMS 0x0000000711400000| PB 0x0000000711400000| Untracked 
|  63|0x0000000711600000, 0x0000000711600000, 0x0000000711800000|  0%| F|  |TAMS 0x0000000711600000| PB 0x0000000711600000| Untracked 
|  64|0x0000000711800000, 0x0000000711800000, 0x0000000711a00000|  0%| F|  |TAMS 0x0000000711800000| PB 0x0000000711800000| Untracked 
|  65|0x0000000711a00000, 0x0000000711a00000, 0x0000000711c00000|  0%| F|  |TAMS 0x0000000711a00000| PB 0x0000000711a00000| Untracked 
|  66|0x0000000711c00000, 0x0000000711c00000, 0x0000000711e00000|  0%| F|  |TAMS 0x0000000711c00000| PB 0x0000000711c00000| Untracked 
|  67|0x0000000711e00000, 0x0000000711e00000, 0x0000000712000000|  0%| F|  |TAMS 0x0000000711e00000| PB 0x0000000711e00000| Untracked 
|  68|0x0000000712000000, 0x0000000712000000, 0x0000000712200000|  0%| F|  |TAMS 0x0000000712000000| PB 0x0000000712000000| Untracked 
|  69|0x0000000712200000, 0x0000000712200000, 0x0000000712400000|  0%| F|  |TAMS 0x0000000712200000| PB 0x0000000712200000| Untracked 
|  70|0x0000000712400000, 0x0000000712400000, 0x0000000712600000|  0%| F|  |TAMS 0x0000000712400000| PB 0x0000000712400000| Untracked 
|  71|0x0000000712600000, 0x0000000712600000, 0x0000000712800000|  0%| F|  |TAMS 0x0000000712600000| PB 0x0000000712600000| Untracked 
|  72|0x0000000712800000, 0x0000000712800000, 0x0000000712a00000|  0%| F|  |TAMS 0x0000000712800000| PB 0x0000000712800000| Untracked 
|  73|0x0000000712a00000, 0x0000000712a00000, 0x0000000712c00000|  0%| F|  |TAMS 0x0000000712a00000| PB 0x0000000712a00000| Untracked 
|  74|0x0000000712c00000, 0x0000000712c00000, 0x0000000712e00000|  0%| F|  |TAMS 0x0000000712c00000| PB 0x0000000712c00000| Untracked 
|  75|0x0000000712e00000, 0x0000000712e00000, 0x0000000713000000|  0%| F|  |TAMS 0x0000000712e00000| PB 0x0000000712e00000| Untracked 
|  76|0x0000000713000000, 0x0000000713000000, 0x0000000713200000|  0%| F|  |TAMS 0x0000000713000000| PB 0x0000000713000000| Untracked 
|  77|0x0000000713200000, 0x0000000713200000, 0x0000000713400000|  0%| F|  |TAMS 0x0000000713200000| PB 0x0000000713200000| Untracked 
|  78|0x0000000713400000, 0x0000000713400000, 0x0000000713600000|  0%| F|  |TAMS 0x0000000713400000| PB 0x0000000713400000| Untracked 
|  79|0x0000000713600000, 0x0000000713600000, 0x0000000713800000|  0%| F|  |TAMS 0x0000000713600000| PB 0x0000000713600000| Untracked 
|  80|0x0000000713800000, 0x0000000713800000, 0x0000000713a00000|  0%| F|  |TAMS 0x0000000713800000| PB 0x0000000713800000| Untracked 
|  81|0x0000000713a00000, 0x0000000713a00000, 0x0000000713c00000|  0%| F|  |TAMS 0x0000000713a00000| PB 0x0000000713a00000| Untracked 
|  82|0x0000000713c00000, 0x0000000713c00000, 0x0000000713e00000|  0%| F|  |TAMS 0x0000000713c00000| PB 0x0000000713c00000| Untracked 
|  83|0x0000000713e00000, 0x0000000713e00000, 0x0000000714000000|  0%| F|  |TAMS 0x0000000713e00000| PB 0x0000000713e00000| Untracked 
|  84|0x0000000714000000, 0x0000000714000000, 0x0000000714200000|  0%| F|  |TAMS 0x0000000714000000| PB 0x0000000714000000| Untracked 
|  85|0x0000000714200000, 0x0000000714200000, 0x0000000714400000|  0%| F|  |TAMS 0x0000000714200000| PB 0x0000000714200000| Untracked 
|  86|0x0000000714400000, 0x0000000714400000, 0x0000000714600000|  0%| F|  |TAMS 0x0000000714400000| PB 0x0000000714400000| Untracked 
|  87|0x0000000714600000, 0x0000000714600000, 0x0000000714800000|  0%| F|  |TAMS 0x0000000714600000| PB 0x0000000714600000| Untracked 
|  88|0x0000000714800000, 0x0000000714800000, 0x0000000714a00000|  0%| F|  |TAMS 0x0000000714800000| PB 0x0000000714800000| Untracked 
|  89|0x0000000714a00000, 0x0000000714a00000, 0x0000000714c00000|  0%| F|  |TAMS 0x0000000714a00000| PB 0x0000000714a00000| Untracked 
|  90|0x0000000714c00000, 0x0000000714c00000, 0x0000000714e00000|  0%| F|  |TAMS 0x0000000714c00000| PB 0x0000000714c00000| Untracked 
|  91|0x0000000714e00000, 0x0000000714e00000, 0x0000000715000000|  0%| F|  |TAMS 0x0000000714e00000| PB 0x0000000714e00000| Untracked 
|  92|0x0000000715000000, 0x0000000715000000, 0x0000000715200000|  0%| F|  |TAMS 0x0000000715000000| PB 0x0000000715000000| Untracked 
|  93|0x0000000715200000, 0x0000000715200000, 0x0000000715400000|  0%| F|  |TAMS 0x0000000715200000| PB 0x0000000715200000| Untracked 
|  94|0x0000000715400000, 0x0000000715400000, 0x0000000715600000|  0%| F|  |TAMS 0x0000000715400000| PB 0x0000000715400000| Untracked 
|  95|0x0000000715600000, 0x0000000715600000, 0x0000000715800000|  0%| F|  |TAMS 0x0000000715600000| PB 0x0000000715600000| Untracked 
|  96|0x0000000715800000, 0x0000000715800000, 0x0000000715a00000|  0%| F|  |TAMS 0x0000000715800000| PB 0x0000000715800000| Untracked 
|  97|0x0000000715a00000, 0x0000000715a00000, 0x0000000715c00000|  0%| F|  |TAMS 0x0000000715a00000| PB 0x0000000715a00000| Untracked 
|  98|0x0000000715c00000, 0x0000000715c00000, 0x0000000715e00000|  0%| F|  |TAMS 0x0000000715c00000| PB 0x0000000715c00000| Untracked 
|  99|0x0000000715e00000, 0x0000000715e00000, 0x0000000716000000|  0%| F|  |TAMS 0x0000000715e00000| PB 0x0000000715e00000| Untracked 
| 100|0x0000000716000000, 0x0000000716000000, 0x0000000716200000|  0%| F|  |TAMS 0x0000000716000000| PB 0x0000000716000000| Untracked 
| 101|0x0000000716200000, 0x0000000716200000, 0x0000000716400000|  0%| F|  |TAMS 0x0000000716200000| PB 0x0000000716200000| Untracked 
| 102|0x0000000716400000, 0x0000000716400000, 0x0000000716600000|  0%| F|  |TAMS 0x0000000716400000| PB 0x0000000716400000| Untracked 
| 103|0x0000000716600000, 0x0000000716600000, 0x0000000716800000|  0%| F|  |TAMS 0x0000000716600000| PB 0x0000000716600000| Untracked 
| 104|0x0000000716800000, 0x0000000716800000, 0x0000000716a00000|  0%| F|  |TAMS 0x0000000716800000| PB 0x0000000716800000| Untracked 
| 105|0x0000000716a00000, 0x0000000716a00000, 0x0000000716c00000|  0%| F|  |TAMS 0x0000000716a00000| PB 0x0000000716a00000| Untracked 
| 106|0x0000000716c00000, 0x0000000716c00000, 0x0000000716e00000|  0%| F|  |TAMS 0x0000000716c00000| PB 0x0000000716c00000| Untracked 
| 107|0x0000000716e00000, 0x0000000716e00000, 0x0000000717000000|  0%| F|  |TAMS 0x0000000716e00000| PB 0x0000000716e00000| Untracked 
| 108|0x0000000717000000, 0x0000000717000000, 0x0000000717200000|  0%| F|  |TAMS 0x0000000717000000| PB 0x0000000717000000| Untracked 
| 109|0x0000000717200000, 0x0000000717200000, 0x0000000717400000|  0%| F|  |TAMS 0x0000000717200000| PB 0x0000000717200000| Untracked 
| 110|0x0000000717400000, 0x0000000717400000, 0x0000000717600000|  0%| F|  |TAMS 0x0000000717400000| PB 0x0000000717400000| Untracked 
| 111|0x0000000717600000, 0x0000000717800000, 0x0000000717800000|100%| S|CS|TAMS 0x0000000717600000| PB 0x0000000717600000| Complete 
| 112|0x0000000717800000, 0x0000000717a00000, 0x0000000717a00000|100%| S|CS|TAMS 0x0000000717800000| PB 0x0000000717800000| Complete 
| 113|0x0000000717a00000, 0x0000000717a00000, 0x0000000717c00000|  0%| F|  |TAMS 0x0000000717a00000| PB 0x0000000717a00000| Untracked 
| 114|0x0000000717c00000, 0x0000000717c00000, 0x0000000717e00000|  0%| F|  |TAMS 0x0000000717c00000| PB 0x0000000717c00000| Untracked 
| 115|0x0000000717e00000, 0x0000000717e00000, 0x0000000718000000|  0%| F|  |TAMS 0x0000000717e00000| PB 0x0000000717e00000| Untracked 
| 116|0x0000000718000000, 0x0000000718000000, 0x0000000718200000|  0%| F|  |TAMS 0x0000000718000000| PB 0x0000000718000000| Untracked 
| 117|0x0000000718200000, 0x0000000718200000, 0x0000000718400000|  0%| F|  |TAMS 0x0000000718200000| PB 0x0000000718200000| Untracked 
| 118|0x0000000718400000, 0x00000007185befa8, 0x0000000718600000| 87%| E|  |TAMS 0x0000000718400000| PB 0x0000000718400000| Complete 
| 119|0x0000000718600000, 0x0000000718800000, 0x0000000718800000|100%| E|CS|TAMS 0x0000000718600000| PB 0x0000000718600000| Complete 
| 120|0x0000000718800000, 0x0000000718a00000, 0x0000000718a00000|100%| E|CS|TAMS 0x0000000718800000| PB 0x0000000718800000| Complete 
| 121|0x0000000718a00000, 0x0000000718c00000, 0x0000000718c00000|100%| E|CS|TAMS 0x0000000718a00000| PB 0x0000000718a00000| Complete 
| 122|0x0000000718c00000, 0x0000000718e00000, 0x0000000718e00000|100%| E|CS|TAMS 0x0000000718c00000| PB 0x0000000718c00000| Complete 
| 123|0x0000000718e00000, 0x0000000719000000, 0x0000000719000000|100%| E|CS|TAMS 0x0000000718e00000| PB 0x0000000718e00000| Complete 

Card table byte_map: [0x0000027dcedc0000,0x0000027dcf580000] _byte_map_base: 0x0000027dcb574000

Marking Bits: (CMBitMap*) 0x0000027db6a28a60
 Bits: [0x0000027dcf580000, 0x0000027dd3320000)

Polling page: 0x0000027db47d0000

Metaspace:

Usage:
  Non-class:      7.80 MB used.
      Class:      1.07 MB used.
       Both:      8.86 MB used.

Virtual space:
  Non-class space:       64.00 MB reserved,       7.94 MB ( 12%) committed,  1 nodes.
      Class space:        1.00 GB reserved,       1.25 MB ( <1%) committed,  1 nodes.
             Both:        1.06 GB reserved,       9.19 MB ( <1%) committed. 

Chunk freelists:
   Non-Class:  7.48 MB
       Class:  14.79 MB
        Both:  22.27 MB

MaxMetaspaceSize: unlimited
CompressedClassSpaceSize: 1.00 GB
Initial GC threshold: 21.00 MB
Current GC threshold: 21.00 MB
CDS: on
 - commit_granule_bytes: 65536.
 - commit_granule_words: 8192.
 - virtual_space_node_default_size: 8388608.
 - enlarge_chunks_in_place: 1.
 - use_allocation_guard: 0.


Internal statistics:

num_allocs_failed_limit: 0.
num_arena_births: 326.
num_arena_deaths: 0.
num_vsnodes_births: 2.
num_vsnodes_deaths: 0.
num_space_committed: 148.
num_space_uncommitted: 0.
num_chunks_returned_to_freelist: 0.
num_chunks_taken_from_freelist: 646.
num_chunk_merges: 0.
num_chunk_splits: 392.
num_chunks_enlarged: 229.
num_inconsistent_stats: 0.

CodeHeap 'non-profiled nmethods': size=120000Kb used=572Kb max_used=572Kb free=119427Kb
 bounds [0x0000027dc6b80000, 0x0000027dc6df0000, 0x0000027dce0b0000]
CodeHeap 'profiled nmethods': size=120000Kb used=2859Kb max_used=2859Kb free=117140Kb
 bounds [0x0000027dbf0b0000, 0x0000027dbf380000, 0x0000027dc65e0000]
CodeHeap 'non-nmethods': size=5760Kb used=1384Kb max_used=1399Kb free=4375Kb
 bounds [0x0000027dc65e0000, 0x0000027dc6850000, 0x0000027dc6b80000]
 total_blobs=2170 nmethods=1686 adapters=389
 compilation: enabled
              stopped_count=0, restarted_count=0
 full_count=0

Compilation events (20 events):
Event: 1.705 Thread 0x0000027dd573ce10 1594       3       java.util.regex.Matcher::checkMatch (19 bytes)
Event: 1.706 Thread 0x0000027dd573ce10 nmethod 1594 0x0000027dbf351a10 code [0x0000027dbf351be0, 0x0000027dbf351eb0]
Event: 1.706 Thread 0x0000027dd573ce10 1595       3       java.util.regex.Matcher::hasMatch (13 bytes)
Event: 1.706 Thread 0x0000027dd573ce10 nmethod 1595 0x0000027dbf352010 code [0x0000027dbf3521a0, 0x0000027dbf352300]
Event: 1.706 Thread 0x0000027dd573ce10 1598       3       java.util.regex.Pattern$LastNode::match (45 bytes)
Event: 1.706 Thread 0x0000027dd573ce10 nmethod 1598 0x0000027dbf352390 code [0x0000027dbf352540, 0x0000027dbf352748]
Event: 1.706 Thread 0x0000027dd573ce10 1592       2       java.util.regex.Pattern::lambda$Single$14 (11 bytes)
Event: 1.706 Thread 0x0000027dd573ce10 nmethod 1592 0x0000027dbf352890 code [0x0000027dbf352a20, 0x0000027dbf352b18]
Event: 1.706 Thread 0x0000027dd573ce10 1599       3       java.util.regex.Matcher::start (9 bytes)
Event: 1.706 Thread 0x0000027dd573ce10 nmethod 1599 0x0000027dbf352b90 code [0x0000027dbf352d60, 0x0000027dbf353098]
Event: 1.706 Thread 0x0000027dd573ce10 1600       3       java.util.regex.Matcher::end (9 bytes)
Event: 1.706 Thread 0x0000027dd573ce10 nmethod 1600 0x0000027dbf353210 code [0x0000027dbf3533e0, 0x0000027dbf353718]
Event: 1.706 Thread 0x0000027dd573ce10 1601       3       java.util.regex.Matcher::find (69 bytes)
Event: 1.706 Thread 0x0000027dd573ce10 nmethod 1601 0x0000027dbf353890 code [0x0000027dbf353a60, 0x0000027dbf353d38]
Event: 1.706 Thread 0x0000027dd573ce10 1604       3       java.util.HashMap::<init> (98 bytes)
Event: 1.707 Thread 0x0000027dd573ce10 nmethod 1604 0x0000027dbf353e10 code [0x0000027dbf354120, 0x0000027dbf355070]
Event: 2.725 Thread 0x0000027dd573ce10 1605       3       java.lang.invoke.Invokers::maybeCustomize (5 bytes)
Event: 2.725 Thread 0x0000027dd573ce10 nmethod 1605 0x0000027dbf355610 code [0x0000027dbf3557c0, 0x0000027dbf355970]
Event: 2.725 Thread 0x0000027dd573ce10 1607       3       java.util.ImmutableCollections$SetN::<init> (90 bytes)
Event: 5.746 Thread 0x0000027dd573ce10 nmethod 1607 0x0000027dbf355a90 code [0x0000027dbf355d40, 0x0000027dbf356a70]

GC Heap History (2 events):
Event: 0.508 GC heap before
{Heap before GC invocations=0 (full 0):
 garbage-first heap   total 253952K, used 20480K [0x0000000709800000, 0x0000000800000000)
  region size 2048K, 11 young (22528K), 0 survivors (0K)
 Metaspace       used 5800K, committed 6016K, reserved 1114112K
  class space    used 649K, committed 768K, reserved 1048576K
}
Event: 0.512 GC heap after
{Heap after GC invocations=1 (full 0):
 garbage-first heap   total 253952K, used 7805K [0x0000000709800000, 0x0000000800000000)
  region size 2048K, 2 young (4096K), 2 survivors (4096K)
 Metaspace       used 5800K, committed 6016K, reserved 1114112K
  class space    used 649K, committed 768K, reserved 1048576K
}

Dll operation events (10 events):
Event: 0.008 Loaded shared library C:\Users\FPT\.jdks\ms-21.0.7\bin\java.dll
Event: 0.032 Loaded shared library C:\Users\FPT\.jdks\ms-21.0.7\bin\jsvml.dll
Event: 0.095 Loaded shared library C:\Users\FPT\.jdks\ms-21.0.7\bin\zip.dll
Event: 0.097 Loaded shared library C:\Users\FPT\.jdks\ms-21.0.7\bin\instrument.dll
Event: 0.101 Loaded shared library C:\Users\FPT\.jdks\ms-21.0.7\bin\net.dll
Event: 0.103 Loaded shared library C:\Users\FPT\.jdks\ms-21.0.7\bin\nio.dll
Event: 0.104 Loaded shared library C:\Users\FPT\.jdks\ms-21.0.7\bin\zip.dll
Event: 0.171 Loaded shared library C:\Program Files\JetBrains\IntelliJ IDEA Community Edition 2023.3.5\bin\breakgen64.dll
Event: 0.179 Loaded shared library C:\Users\FPT\.jdks\ms-21.0.7\bin\extnet.dll
Event: 0.212 Loaded shared library C:\Users\FPT\.jdks\ms-21.0.7\bin\jimage.dll

Deoptimization events (20 events):
Event: 0.669 Thread 0x0000027db448f570 Uncommon trap: trap_request=0xffffffc6 fr.pc=0x0000027dc6be11fc relative=0x000000000000039c
Event: 0.669 Thread 0x0000027db448f570 Uncommon trap: reason=bimorphic_or_optimized_type_check action=maybe_recompile pc=0x0000027dc6be11fc method=java.util.concurrent.ConcurrentHashMap.get(Ljava/lang/Object;)Ljava/lang/Object; @ 149 c2
Event: 0.669 Thread 0x0000027db448f570 DEOPT PACKING pc=0x0000027dc6be11fc sp=0x000000b2f74fd8f0
Event: 0.669 Thread 0x0000027db448f570 DEOPT UNPACKING pc=0x0000027dc66346a2 sp=0x000000b2f74fd870 mode 2
Event: 0.669 Thread 0x0000027db448f570 Uncommon trap: trap_request=0xffffffc6 fr.pc=0x0000027dc6be11fc relative=0x000000000000039c
Event: 0.669 Thread 0x0000027db448f570 Uncommon trap: reason=bimorphic_or_optimized_type_check action=maybe_recompile pc=0x0000027dc6be11fc method=java.util.concurrent.ConcurrentHashMap.get(Ljava/lang/Object;)Ljava/lang/Object; @ 149 c2
Event: 0.669 Thread 0x0000027db448f570 DEOPT PACKING pc=0x0000027dc6be11fc sp=0x000000b2f74fd870
Event: 0.669 Thread 0x0000027db448f570 DEOPT UNPACKING pc=0x0000027dc66346a2 sp=0x000000b2f74fd7f0 mode 2
Event: 0.675 Thread 0x0000027db448f570 Uncommon trap: trap_request=0xffffffc6 fr.pc=0x0000027dc6be11fc relative=0x000000000000039c
Event: 0.675 Thread 0x0000027db448f570 Uncommon trap: reason=bimorphic_or_optimized_type_check action=maybe_recompile pc=0x0000027dc6be11fc method=java.util.concurrent.ConcurrentHashMap.get(Ljava/lang/Object;)Ljava/lang/Object; @ 149 c2
Event: 0.675 Thread 0x0000027db448f570 DEOPT PACKING pc=0x0000027dc6be11fc sp=0x000000b2f74fd8f0
Event: 0.675 Thread 0x0000027db448f570 DEOPT UNPACKING pc=0x0000027dc66346a2 sp=0x000000b2f74fd870 mode 2
Event: 0.681 Thread 0x0000027db448f570 Uncommon trap: trap_request=0xffffff45 fr.pc=0x0000027dc6bcfc30 relative=0x00000000000001f0
Event: 0.681 Thread 0x0000027db448f570 Uncommon trap: reason=unstable_if action=reinterpret pc=0x0000027dc6bcfc30 method=java.lang.String.startsWith(Ljava/lang/String;I)Z @ 1 c2
Event: 0.681 Thread 0x0000027db448f570 DEOPT PACKING pc=0x0000027dc6bcfc30 sp=0x000000b2f74fe3f0
Event: 0.681 Thread 0x0000027db448f570 DEOPT UNPACKING pc=0x0000027dc66346a2 sp=0x000000b2f74fe380 mode 2
Event: 1.707 Thread 0x0000027dd572a750 Uncommon trap: trap_request=0xffffff45 fr.pc=0x0000027dc6be9b18 relative=0x0000000000000e78
Event: 1.707 Thread 0x0000027dd572a750 Uncommon trap: reason=unstable_if action=reinterpret pc=0x0000027dc6be9b18 method=java.util.concurrent.ConcurrentHashMap.putVal(Ljava/lang/Object;Ljava/lang/Object;Z)Ljava/lang/Object; @ 148 c2
Event: 1.707 Thread 0x0000027dd572a750 DEOPT PACKING pc=0x0000027dc6be9b18 sp=0x000000b2f7ffe120
Event: 1.707 Thread 0x0000027dd572a750 DEOPT UNPACKING pc=0x0000027dc66346a2 sp=0x000000b2f7ffe0a0 mode 2

Classes loaded (20 events):
Event: 0.671 Loading class sun/reflect/generics/tree/MethodTypeSignature
Event: 0.671 Loading class sun/reflect/generics/tree/MethodTypeSignature done
Event: 1.701 Loading class jdk/internal/vm/VMSupport
Event: 1.701 Loading class jdk/internal/vm/VMSupport done
Event: 1.701 Loading class sun/nio/cs/ISO_8859_1$Encoder
Event: 1.701 Loading class sun/nio/cs/ISO_8859_1$Encoder done
Event: 1.701 Loading class sun/nio/cs/Surrogate$Parser
Event: 1.701 Loading class sun/nio/cs/Surrogate$Parser done
Event: 1.701 Loading class sun/nio/cs/Surrogate
Event: 1.701 Loading class sun/nio/cs/Surrogate done
Event: 1.702 Loading class sun/util/locale/provider/TimeZoneNameUtility
Event: 1.702 Loading class sun/util/locale/provider/TimeZoneNameUtility done
Event: 1.702 Loading class sun/util/locale/provider/TimeZoneNameUtility$TimeZoneNameGetter
Event: 1.702 Loading class sun/util/locale/provider/TimeZoneNameUtility$TimeZoneNameGetter done
Event: 1.704 Loading class sun/util/cldr/CLDRTimeZoneNameProviderImpl
Event: 1.704 Loading class sun/util/locale/provider/TimeZoneNameProviderImpl
Event: 1.704 Loading class sun/util/locale/provider/TimeZoneNameProviderImpl done
Event: 1.704 Loading class sun/util/cldr/CLDRTimeZoneNameProviderImpl done
Event: 1.706 Loading class sun/util/locale/provider/BaseLocaleDataMetaInfo
Event: 1.706 Loading class sun/util/locale/provider/BaseLocaleDataMetaInfo done

Classes unloaded (0 events):
No events

Classes redefined (0 events):
No events

Internal exceptions (20 events):
Event: 0.652 Thread 0x0000027db448f570 Exception <a 'java/lang/NoSuchMethodError'{0x0000000718922058}: 'void java.lang.invoke.DirectMethodHandle$Holder.invokeSpecial(java.lang.Object, java.lang.Object, java.lang.Object, java.lang.Object, java.lang.Object, java.lang.Object)'> (0x0000000718922058) 
thrown [s\src\hotspot\share\interpreter\linkResolver.cpp, line 773]
Event: 0.656 Thread 0x0000027db448f570 Exception <a 'java/lang/NoSuchMethodError'{0x0000000718956030}: 'java.lang.Object java.lang.invoke.DirectMethodHandle$Holder.invokeStaticInit(java.lang.Object, java.lang.Object, java.lang.Object, java.lang.Object, java.lang.Object, java.lang.Object, java.lang.Object)'> (0x0000000718956030) 
thrown [s\src\hotspot\share\interpreter\linkResolver.cpp, line 773]
Event: 0.657 Thread 0x0000027db448f570 Exception <a 'java/lang/NoSuchMethodError'{0x000000071895f190}: 'java.lang.Object java.lang.invoke.Invokers$Holder.invoke_MT(java.lang.Object, java.lang.Object, java.lang.Object, java.lang.Object, java.lang.Object, java.lang.Object, java.lang.Object, java.lang.Object, java.lang.Object, java.lang.Object)'> (0x000000071895f190) 
thrown [s\src\hotspot\share\interpreter\linkResolver.cpp, line 773]
Event: 0.658 Thread 0x0000027db448f570 Exception <a 'java/lang/NoSuchMethodError'{0x0000000718964f40}: 'java.lang.Object java.lang.invoke.DirectMethodHandle$Holder.invokeStatic(java.lang.Object, java.lang.Object, int)'> (0x0000000718964f40) 
thrown [s\src\hotspot\share\interpreter\linkResolver.cpp, line 773]
Event: 0.659 Thread 0x0000027db448f570 Exception <a 'java/lang/NoSuchMethodError'{0x0000000718977940}: 'void java.lang.invoke.DelegatingMethodHandle$Holder.delegate(java.lang.Object, java.lang.Object, int, java.lang.Object)'> (0x0000000718977940) 
thrown [s\src\hotspot\share\interpreter\linkResolver.cpp, line 773]
Event: 0.661 Thread 0x0000027db448f570 Exception <a 'java/lang/NoSuchMethodError'{0x00000007189962f0}: 'int java.lang.invoke.DirectMethodHandle$Holder.invokeVirtual(java.lang.Object, java.lang.Object, java.lang.Object)'> (0x00000007189962f0) 
thrown [s\src\hotspot\share\interpreter\linkResolver.cpp, line 773]
Event: 0.661 Thread 0x0000027db448f570 Exception <a 'java/lang/NoSuchMethodError'{0x00000007189999b0}: 'int java.lang.invoke.DirectMethodHandle$Holder.invokeVirtual(java.lang.Object, java.lang.Object)'> (0x00000007189999b0) 
thrown [s\src\hotspot\share\interpreter\linkResolver.cpp, line 773]
Event: 0.661 Thread 0x0000027db448f570 Exception <a 'java/lang/NoSuchMethodError'{0x000000071899da10}: 'int java.lang.invoke.DirectMethodHandle$Holder.invokeStaticInit(java.lang.Object, int, int)'> (0x000000071899da10) 
thrown [s\src\hotspot\share\interpreter\linkResolver.cpp, line 773]
Event: 0.662 Thread 0x0000027db448f570 Exception <a 'java/lang/NoSuchMethodError'{0x00000007189a5020}: 'int java.lang.invoke.DirectMethodHandle$Holder.invokeStaticInit(java.lang.Object, long, long)'> (0x00000007189a5020) 
thrown [s\src\hotspot\share\interpreter\linkResolver.cpp, line 773]
Event: 0.662 Thread 0x0000027db448f570 Exception <a 'java/lang/NoSuchMethodError'{0x00000007189abab8}: 'int java.lang.invoke.DirectMethodHandle$Holder.invokeStaticInit(java.lang.Object, float, float)'> (0x00000007189abab8) 
thrown [s\src\hotspot\share\interpreter\linkResolver.cpp, line 773]
Event: 0.663 Thread 0x0000027db448f570 Exception <a 'java/lang/NoSuchMethodError'{0x00000007189b2548}: 'int java.lang.invoke.DirectMethodHandle$Holder.invokeStaticInit(java.lang.Object, double, double)'> (0x00000007189b2548) 
thrown [s\src\hotspot\share\interpreter\linkResolver.cpp, line 773]
Event: 0.663 Thread 0x0000027db448f570 Exception <a 'java/lang/NoSuchMethodError'{0x00000007189b6cf8}: 'int java.lang.invoke.DirectMethodHandle$Holder.invokeStatic(java.lang.Object, long)'> (0x00000007189b6cf8) 
thrown [s\src\hotspot\share\interpreter\linkResolver.cpp, line 773]
Event: 0.665 Thread 0x0000027db448f570 Exception <a 'java/lang/NoSuchMethodError'{0x00000007189d8e80}: 'int java.lang.invoke.Invokers$Holder.linkToTargetMethod(java.lang.Object, java.lang.Object)'> (0x00000007189d8e80) 
thrown [s\src\hotspot\share\interpreter\linkResolver.cpp, line 773]
Event: 0.675 Thread 0x0000027db448f570 Exception <a 'java/lang/NoSuchMethodError'{0x000000071865a9e0}: 'java.lang.Object java.lang.invoke.DirectMethodHandle$Holder.invokeSpecial(java.lang.Object, java.lang.Object, java.lang.Object, int, java.lang.Object)'> (0x000000071865a9e0) 
thrown [s\src\hotspot\share\interpreter\linkResolver.cpp, line 773]
Event: 0.676 Thread 0x0000027db448f570 Exception <a 'java/lang/NoSuchMethodError'{0x00000007186623a8}: 'java.lang.Object java.lang.invoke.DirectMethodHandle$Holder.newInvokeSpecial(java.lang.Object, java.lang.Object, java.lang.Object, int, java.lang.Object)'> (0x00000007186623a8) 
thrown [s\src\hotspot\share\interpreter\linkResolver.cpp, line 773]
Event: 0.676 Thread 0x0000027db448f570 Exception <a 'java/lang/NoSuchMethodError'{0x0000000718669970}: 'java.lang.Object java.lang.invoke.Invokers$Holder.linkToTargetMethod(java.lang.Object, java.lang.Object, int, java.lang.Object, java.lang.Object)'> (0x0000000718669970) 
thrown [s\src\hotspot\share\interpreter\linkResolver.cpp, line 773]
Event: 0.677 Thread 0x0000027db448f570 Exception <a 'java/lang/NoSuchMethodError'{0x0000000718678228}: 'java.lang.Object java.lang.invoke.DirectMethodHandle$Holder.newInvokeSpecial(java.lang.Object, int, java.lang.Object)'> (0x0000000718678228) 
thrown [s\src\hotspot\share\interpreter\linkResolver.cpp, line 773]
Event: 0.677 Thread 0x0000027db448f570 Exception <a 'java/lang/NoSuchMethodError'{0x000000071867cb98}: 'int java.lang.invoke.DirectMethodHandle$Holder.invokeSpecialIFC(java.lang.Object, java.lang.Object, java.lang.Object, java.lang.Object)'> (0x000000071867cb98) 
thrown [s\src\hotspot\share\interpreter\linkResolver.cpp, line 773]
Event: 0.690 Thread 0x0000027db448f570 Exception <a 'java/lang/NoSuchMethodError'{0x000000071871bc48}: 'void java.lang.invoke.DirectMethodHandle$Holder.invokeInterface(java.lang.Object, java.lang.Object, java.lang.Object)'> (0x000000071871bc48) 
thrown [s\src\hotspot\share\interpreter\linkResolver.cpp, line 773]
Event: 1.703 Thread 0x0000027db448f570 Exception <a 'java/lang/NoSuchMethodError'{0x000000071879d820}: 'void java.lang.invoke.DirectMethodHandle$Holder.invokeStaticInit(java.lang.Object, java.lang.Object, java.lang.Object)'> (0x000000071879d820) 
thrown [s\src\hotspot\share\interpreter\linkResolver.cpp, line 773]

ZGC Phase Switch (0 events):
No events

VM Operations (20 events):
Event: 0.194 Executing VM operation: HandshakeAllThreads (Deoptimize)
Event: 0.194 Executing VM operation: HandshakeAllThreads (Deoptimize) done
Event: 0.215 Executing VM operation: HandshakeAllThreads (Deoptimize)
Event: 0.215 Executing VM operation: HandshakeAllThreads (Deoptimize) done
Event: 0.382 Executing VM operation: HandshakeAllThreads (Deoptimize)
Event: 0.382 Executing VM operation: HandshakeAllThreads (Deoptimize) done
Event: 0.382 Executing VM operation: HandshakeAllThreads (Deoptimize)
Event: 0.382 Executing VM operation: HandshakeAllThreads (Deoptimize) done
Event: 0.452 Executing VM operation: HandshakeAllThreads (Deoptimize)
Event: 0.452 Executing VM operation: HandshakeAllThreads (Deoptimize) done
Event: 0.460 Executing VM operation: HandshakeAllThreads (Deoptimize)
Event: 0.460 Executing VM operation: HandshakeAllThreads (Deoptimize) done
Event: 0.508 Executing VM operation: G1CollectForAllocation (G1 Evacuation Pause)
Event: 0.512 Executing VM operation: G1CollectForAllocation (G1 Evacuation Pause) done
Event: 0.658 Executing VM operation: HandshakeAllThreads (Deoptimize)
Event: 0.658 Executing VM operation: HandshakeAllThreads (Deoptimize) done
Event: 1.669 Executing VM operation: Cleanup
Event: 1.669 Executing VM operation: Cleanup done
Event: 2.678 Executing VM operation: Cleanup
Event: 2.725 Executing VM operation: Cleanup done

Memory protections (0 events):
No events

Nmethod flushes (0 events):
No events

Events (14 events):
Event: 0.019 Thread 0x0000027db448f570 Thread added: 0x0000027db448f570
Event: 0.030 Thread 0x0000027db448f570 Thread added: 0x0000027dd571d790
Event: 0.030 Thread 0x0000027db448f570 Thread added: 0x0000027dd571ed50
Event: 0.030 Thread 0x0000027db448f570 Thread added: 0x0000027dd5729d00
Event: 0.030 Thread 0x0000027db448f570 Thread added: 0x0000027dd572a750
Event: 0.031 Thread 0x0000027db448f570 Thread added: 0x0000027dd572e030
Event: 0.031 Thread 0x0000027db448f570 Thread added: 0x0000027dd5730c30
Event: 0.031 Thread 0x0000027db448f570 Thread added: 0x0000027dd57383c0
Event: 0.031 Thread 0x0000027db448f570 Thread added: 0x0000027dd573ce10
Event: 0.078 Thread 0x0000027db448f570 Thread added: 0x0000027dd5731fe0
Event: 0.120 Thread 0x0000027dd573ce10 Thread added: 0x0000027e1b2ea0c0
Event: 0.171 Thread 0x0000027db448f570 Thread added: 0x0000027dd5732d00
Event: 0.171 Thread 0x0000027db448f570 Thread added: 0x0000027dd5732670
Event: 1.701 Thread 0x0000027e1b2ea0c0 Thread exited: 0x0000027e1b2ea0c0


Dynamic libraries:
0x00007ff60d300000 - 0x00007ff60d30e000 	C:\Users\FPT\.jdks\ms-21.0.7\bin\java.exe
0x00007ffe93500000 - 0x00007ffe93768000 	C:\WINDOWS\SYSTEM32\ntdll.dll
0x00007ffe92f40000 - 0x00007ffe93009000 	C:\WINDOWS\System32\KERNEL32.DLL
0x00007ffe90900000 - 0x00007ffe90ced000 	C:\WINDOWS\System32\KERNELBASE.dll
0x00007ffe90e90000 - 0x00007ffe90fdb000 	C:\WINDOWS\System32\ucrtbase.dll
0x00007ffe25a60000 - 0x00007ffe25a78000 	C:\Users\FPT\.jdks\ms-21.0.7\bin\jli.dll
0x00007ffe314b0000 - 0x00007ffe314cd000 	C:\Users\FPT\.jdks\ms-21.0.7\bin\VCRUNTIME140.dll
0x00007ffe92c70000 - 0x00007ffe92e3c000 	C:\WINDOWS\System32\USER32.dll
0x00007ffe90cf0000 - 0x00007ffe90d17000 	C:\WINDOWS\System32\win32u.dll
0x00007ffe7bdc0000 - 0x00007ffe7c05a000 	C:\WINDOWS\WinSxS\amd64_microsoft.windows.common-controls_6595b64144ccf1df_6.0.26100.4484_none_3e0e6d4ce32ef3b3\COMCTL32.dll
0x00007ffe93010000 - 0x00007ffe930b9000 	C:\WINDOWS\System32\msvcrt.dll
0x00007ffe92030000 - 0x00007ffe9205b000 	C:\WINDOWS\System32\GDI32.dll
0x00007ffe91160000 - 0x00007ffe91297000 	C:\WINDOWS\System32\gdi32full.dll
0x00007ffe90de0000 - 0x00007ffe90e83000 	C:\WINDOWS\System32\msvcp_win.dll
0x00007ffe92150000 - 0x00007ffe9217f000 	C:\WINDOWS\System32\IMM32.DLL
0x00007ffe5d590000 - 0x00007ffe5d59c000 	C:\Users\FPT\.jdks\ms-21.0.7\bin\vcruntime140_1.dll
0x00007ffe24df0000 - 0x00007ffe24e7d000 	C:\Users\FPT\.jdks\ms-21.0.7\bin\msvcp140.dll
0x00007ffe23e10000 - 0x00007ffe24ba8000 	C:\Users\FPT\.jdks\ms-21.0.7\bin\server\jvm.dll
0x00007ffe93170000 - 0x00007ffe93224000 	C:\WINDOWS\System32\ADVAPI32.dll
0x00007ffe93230000 - 0x00007ffe932d6000 	C:\WINDOWS\System32\sechost.dll
0x00007ffe913f0000 - 0x00007ffe91508000 	C:\WINDOWS\System32\RPCRT4.dll
0x00007ffe91510000 - 0x00007ffe91584000 	C:\WINDOWS\System32\WS2_32.dll
0x00007ffe904a0000 - 0x00007ffe904fe000 	C:\WINDOWS\SYSTEM32\POWRPROF.dll
0x00007ffe89100000 - 0x00007ffe8910b000 	C:\WINDOWS\SYSTEM32\VERSION.dll
0x00007ffe890c0000 - 0x00007ffe890f5000 	C:\WINDOWS\SYSTEM32\WINMM.dll
0x00007ffe90480000 - 0x00007ffe90494000 	C:\WINDOWS\SYSTEM32\UMPDC.dll
0x00007ffe8f3f0000 - 0x00007ffe8f40b000 	C:\WINDOWS\SYSTEM32\kernel.appcore.dll
0x00007ffe52c30000 - 0x00007ffe52c3a000 	C:\Users\FPT\.jdks\ms-21.0.7\bin\jimage.dll
0x00007ffe8da50000 - 0x00007ffe8dc91000 	C:\WINDOWS\SYSTEM32\DBGHELP.DLL
0x00007ffe91ca0000 - 0x00007ffe92026000 	C:\WINDOWS\System32\combase.dll
0x00007ffe92380000 - 0x00007ffe92460000 	C:\WINDOWS\System32\OLEAUT32.dll
0x00007ffe72f70000 - 0x00007ffe72fb3000 	C:\WINDOWS\SYSTEM32\dbgcore.DLL
0x00007ffe90650000 - 0x00007ffe906e9000 	C:\WINDOWS\System32\bcryptPrimitives.dll
0x00007ffe8b4f0000 - 0x00007ffe8b4ff000 	C:\Users\FPT\.jdks\ms-21.0.7\bin\instrument.dll
0x00007ffe24f00000 - 0x00007ffe24f20000 	C:\Users\FPT\.jdks\ms-21.0.7\bin\java.dll
0x00007ffe92470000 - 0x00007ffe92bba000 	C:\WINDOWS\System32\SHELL32.dll
0x00007ffe90fe0000 - 0x00007ffe91154000 	C:\WINDOWS\System32\wintypes.dll
0x00007ffe8e260000 - 0x00007ffe8eabb000 	C:\WINDOWS\SYSTEM32\windows.storage.dll
0x00007ffe92e40000 - 0x00007ffe92f35000 	C:\WINDOWS\System32\SHCORE.dll
0x00007ffe91700000 - 0x00007ffe9176a000 	C:\WINDOWS\System32\shlwapi.dll
0x00007ffe90560000 - 0x00007ffe9058f000 	C:\WINDOWS\SYSTEM32\profapi.dll
0x00007ffe236a0000 - 0x00007ffe23776000 	C:\Users\FPT\.jdks\ms-21.0.7\bin\jsvml.dll
0x00007ffe237d0000 - 0x00007ffe237e8000 	C:\Users\FPT\.jdks\ms-21.0.7\bin\zip.dll
0x00007ffe4aaa0000 - 0x00007ffe4aab0000 	C:\Users\FPT\.jdks\ms-21.0.7\bin\net.dll
0x00007ffe8a430000 - 0x00007ffe8a54e000 	C:\WINDOWS\SYSTEM32\WINHTTP.dll
0x00007ffe8f980000 - 0x00007ffe8f9ea000 	C:\WINDOWS\system32\mswsock.dll
0x00007ffe23df0000 - 0x00007ffe23e06000 	C:\Users\FPT\.jdks\ms-21.0.7\bin\nio.dll
0x00007ffe89490000 - 0x00007ffe894aa000 	C:\Program Files\JetBrains\IntelliJ IDEA Community Edition 2023.3.5\bin\breakgen64.dll
0x00007ffe5cdc0000 - 0x00007ffe5cdc9000 	C:\Users\FPT\.jdks\ms-21.0.7\bin\extnet.dll

dbghelp: loaded successfully - version: 4.0.5 - missing functions: none
symbol engine: initialized successfully - sym options: 0x614 - pdb path: .;C:\Users\FPT\.jdks\ms-21.0.7\bin;C:\WINDOWS\SYSTEM32;C:\WINDOWS\WinSxS\amd64_microsoft.windows.common-controls_6595b64144ccf1df_6.0.26100.4484_none_3e0e6d4ce32ef3b3;C:\Users\FPT\.jdks\ms-21.0.7\bin\server;C:\Program Files\JetBrains\IntelliJ IDEA Community Edition 2023.3.5\bin

VM Arguments:
jvm_args: -javaagent:C:\Program Files\JetBrains\IntelliJ IDEA Community Edition 2023.3.5\lib\idea_rt.jar=51112:C:\Program Files\JetBrains\IntelliJ IDEA Community Edition 2023.3.5\bin -Dfile.encoding=UTF-8 -Dsun.stdout.encoding=UTF-8 -Dsun.stderr.encoding=UTF-8 
java_command: com.example.BanHang.BanHangApplication
java_class_path (initial): E:\SPRING BOOT PROJECTS\BanHang\target\classes;C:\Users\FPT\.m2\repository\org\springframework\boot\spring-boot-starter-web\3.5.5\spring-boot-starter-web-3.5.5.jar;C:\Users\FPT\.m2\repository\org\springframework\boot\spring-boot-starter\3.5.5\spring-boot-starter-3.5.5.jar;C:\Users\FPT\.m2\repository\org\springframework\boot\spring-boot\3.5.5\spring-boot-3.5.5.jar;C:\Users\FPT\.m2\repository\org\springframework\boot\spring-boot-autoconfigure\3.5.5\spring-boot-autoconfigure-3.5.5.jar;C:\Users\FPT\.m2\repository\org\springframework\boot\spring-boot-starter-logging\3.5.5\spring-boot-starter-logging-3.5.5.jar;C:\Users\FPT\.m2\repository\ch\qos\logback\logback-classic\1.5.18\logback-classic-1.5.18.jar;C:\Users\FPT\.m2\repository\ch\qos\logback\logback-core\1.5.18\logback-core-1.5.18.jar;C:\Users\FPT\.m2\repository\org\apache\logging\log4j\log4j-to-slf4j\2.24.3\log4j-to-slf4j-2.24.3.jar;C:\Users\FPT\.m2\repository\org\apache\logging\log4j\log4j-api\2.24.3\log4j-api-2.24.3.jar;C:\Users\FPT\.m2\repository\org\slf4j\jul-to-slf4j\2.0.17\jul-to-slf4j-2.0.17.jar;C:\Users\FPT\.m2\repository\jakarta\annotation\jakarta.annotation-api\2.1.1\jakarta.annotation-api-2.1.1.jar;C:\Users\FPT\.m2\repository\org\yaml\snakeyaml\2.4\snakeyaml-2.4.jar;C:\Users\FPT\.m2\repository\org\springframework\boot\spring-boot-starter-json\3.5.5\spring-boot-starter-json-3.5.5.jar;C:\Users\FPT\.m2\repository\com\fasterxml\jackson\datatype\jackson-datatype-jdk8\2.19.2\jackson-datatype-jdk8-2.19.2.jar;C:\Users\FPT\.m2\repository\com\fasterxml\jackson\module\jackson-module-parameter-names\2.19.2\jackson-module-parameter-names-2.19.2.jar;C:\Users\FPT\.m2\repository\org\springframework\boot\spring-boot-starter-tomcat\3.5.5\spring-boot-starter-tomcat-3.5.5.jar;C:\Users\FPT\.m2\repository\org\apache\tomcat\embed\tomcat-embed-core\10.1.44\tomcat-embed-core-10.1.44.jar;C:\Users\FPT\.m2\repository\org\apache\tomcat\embed\tomcat-embed-websocket\10.1.44\tomcat-embed-websocket-10.1.44.jar;C:\Users\FPT\.m2\repository\org\springframework\spring-web\6.2.10\spring-web-6.2.10.jar;C:\Users\FPT\.m2\repository\org\springframework\spring-beans\6.2.10\spring-beans-6.2.10.jar;C:\Users\FPT\.m2\repository\io\micrometer\micrometer-observation\1.15.3\micrometer-observation-1.15.3.jar;C:\Users\FPT\.m2\repository\io\micrometer\micrometer-commons\1.15.3\micrometer-commons-1.15.3.jar;C:\Users\FPT\.m2\repository\org\springframework\spring-webmvc\6.2.10\spring-webmvc-6.2.10.jar;C:\Users\FPT\.m2\repository\org\springframework\spring-aop\6.2.10\spring-aop-6.2.10.jar;C:\Users\FPT\.m2\repository\org\springframework\spring-context\6.2.10\spring-context-6.2.10.jar;C:\Users\FPT\.m2\repository\org\springframework\spring-expression\6.2.10\spring-expression-6.2.10.jar;C:\Users\FPT\.m2\repository\com\microsoft\sqlserver\mssql-jdbc\12.10.1.jre11\mssql-jdbc-12.10.1.jre11.jar;C:\Users\FPT\.m2\repository\com\mysql\mysql-connector-j\9.4.0\mysql-connector-j-9.4.0.jar;C:\Users\FPT\.m2\repository\org\projectlombok\lombok\1.18.38\lombok-1.18.38.jar;C:\Users\FPT\.m2\repository\org\slf4j\slf4j-api\2.0.17\slf4j-api-2.0.17.jar;C:\Users\FPT\.m2\repository\jakarta\xml\bind\jakarta.xml.bind-api\4.0.2\jakarta.xml.bind-api-4.0.2.jar;C:\Users\FPT\.m2\repository\jakarta\activation\jakarta.activation-api\2.1.3\jakarta.activation-api-2.1.3.jar;C:\Users\FPT\.m2\repository\net\bytebuddy\byte-buddy\1.17.7\byte-buddy-1.17.7.jar;C:\Users\FPT\.m2\repository\org\springframework\spring-core\6.2.10\spring-core-6.2.10.jar;C:\Users\FPT\.m2\repository\org\springframework\spring-jcl\6.2.10\spring-jcl-6.2.10.jar;C:\Users\FPT\.m2\repository\org\springframework\boot\spring-boot-starter-data-jpa\3.5.5\spring-boot-starter-data-jpa-3.5.5.jar;C:\Users\FPT\.m2\repository\org\springframework\boot\spring-boot-starter-jdbc\3.5.5\spring-boot-starter-jdbc-3.5.5.jar;C:\Users\FPT\.m2\repository\com\zaxxer\HikariCP\6.3.2\HikariCP-6.3.2.jar;C:\Users\FPT\.m2\repository\org\springframework\spring-jdbc\6.2.10\spring-jdbc-6.2.10.jar;C:\Users\FPT\.m2\repository\org\hibernate\orm\hibernate-core\6.6.26.Final\hibernate-core-6.6.26.Final.jar;C:\Users\FPT\.m2\repository\jakarta\persistence\jakarta.persistence-api\3.1.0\jakarta.persistence-api-3.1.0.jar;C:\Users\FPT\.m2\repository\jakarta\transaction\jakarta.transaction-api\2.0.1\jakarta.transaction-api-2.0.1.jar;C:\Users\FPT\.m2\repository\org\jboss\logging\jboss-logging\3.6.1.Final\jboss-logging-3.6.1.Final.jar;C:\Users\FPT\.m2\repository\org\hibernate\common\hibernate-commons-annotations\7.0.3.Final\hibernate-commons-annotations-7.0.3.Final.jar;C:\Users\FPT\.m2\repository\io\smallrye\jandex\3.2.0\jandex-3.2.0.jar;C:\Users\FPT\.m2\repository\com\fasterxml\classmate\1.7.0\classmate-1.7.0.jar;C:\Users\FPT\.m2\repository\org\glassfish\jaxb\jaxb-runtime\4.0.5\jaxb-runtime-4.0.5.jar;C:\Users\FPT\.m2\repository\org\glassfish\jaxb\jaxb-core\4.0.5\jaxb-core-4.0.5.jar;C:\Users\FPT\.m2\repository\org\eclipse\angus\angus-activation\2.0.2\angus-activation-2.0.2.jar;C:\Users\FPT\.m2\repository\org\glassfish\jaxb\txw2\4.0.5\txw2-4.0.5.jar;C:\Users\FPT\.m2\repository\com\sun\istack\istack-commons-runtime\4.1.2\istack-commons-runtime-4.1.2.jar;C:\Users\FPT\.m2\repository\jakarta\inject\jakarta.inject-api\2.0.1\jakarta.inject-api-2.0.1.jar;C:\Users\FPT\.m2\repository\org\antlr\antlr4-runtime\4.13.0\antlr4-runtime-4.13.0.jar;C:\Users\FPT\.m2\repository\org\springframework\data\spring-data-jpa\3.5.3\spring-data-jpa-3.5.3.jar;C:\Users\FPT\.m2\repository\org\springframework\data\spring-data-commons\3.5.3\spring-data-commons-3.5.3.jar;C:\Users\FPT\.m2\repository\org\springframework\spring-orm\6.2.10\spring-orm-6.2.10.jar;C:\Users\FPT\.m2\repository\org\springframework\spring-tx\6.2.10\spring-tx-6.2.10.jar;C:\Users\FPT\.m2\repository\org\springframework\spring-aspects\6.2.10\spring-aspects-6.2.10.jar;C:\Users\FPT\.m2\repository\org\aspectj\aspectjweaver\1.9.24\aspectjweaver-1.9.24.jar;C:\Users\FPT\.m2\repository\com\fasterxml\jackson\datatype\jackson-datatype-jsr310\2.19.2\jackson-datatype-jsr310-2.19.2.jar;C:\Users\FPT\.m2\repository\com\fasterxml\jackson\core\jackson-annotations\2.19.2\jackson-annotations-2.19.2.jar;C:\Users\FPT\.m2\repository\com\fasterxml\jackson\core\jackson-core\2.19.2\jackson-core-2.19.2.jar;C:\Users\FPT\.m2\repository\com\fasterxml\jackson\core\jackson-databind\2.19.2\jackson-databind-2.19.2.jar;C:\Users\FPT\.m2\repository\org\springframework\boot\spring-boot-starter-validation\3.5.5\spring-boot-starter-validation-3.5.5.jar;C:\Users\FPT\.m2\repository\org\apache\tomcat\embed\tomcat-embed-el\10.1.44\tomcat-embed-el-10.1.44.jar;C:\Users\FPT\.m2\repository\org\hibernate\validator\hibernate-validator\8.0.3.Final\hibernate-validator-8.0.3.Final.jar;C:\Users\FPT\.m2\repository\jakarta\validation\jakarta.validation-api\3.0.2\jakarta.validation-api-3.0.2.jar;C:\Users\FPT\.m2\repository\org\mapstruct\mapstruct\1.5.5.Final\mapstruct-1.5.5.Final.jar
Launcher Type: SUN_STANDARD

[Global flags]
     intx CICompilerCount                          = 4                                         {product} {ergonomic}
     uint ConcGCThreads                            = 3                                         {product} {ergonomic}
     uint G1ConcRefinementThreads                  = 10                                        {product} {ergonomic}
   size_t G1HeapRegionSize                         = 2097152                                   {product} {ergonomic}
    uintx GCDrainStackTargetSize                   = 64                                        {product} {ergonomic}
   size_t InitialHeapSize                          = 260046848                                 {product} {ergonomic}
   size_t MarkStackSize                            = 4194304                                   {product} {ergonomic}
   size_t MaxHeapSize                              = 4135583744                                {product} {ergonomic}
   size_t MaxNewSize                               = 2480930816                                {product} {ergonomic}
   size_t MinHeapDeltaBytes                        = 2097152                                   {product} {ergonomic}
   size_t MinHeapSize                              = 8388608                                   {product} {ergonomic}
    uintx NonNMethodCodeHeapSize                   = 5839372                                {pd product} {ergonomic}
    uintx NonProfiledCodeHeapSize                  = 122909434                              {pd product} {ergonomic}
    uintx ProfiledCodeHeapSize                     = 122909434                              {pd product} {ergonomic}
    uintx ReservedCodeCacheSize                    = 251658240                              {pd product} {ergonomic}
     bool SegmentedCodeCache                       = true                                      {product} {ergonomic}
   size_t SoftMaxHeapSize                          = 4135583744                             {manageable} {ergonomic}
     bool UseCompressedOops                        = true                           {product lp64_product} {ergonomic}
     bool UseG1GC                                  = true                                      {product} {ergonomic}
     bool UseLargePagesIndividualAllocation        = false                                  {pd product} {ergonomic}

Logging:
Log output configuration:
 #0: stdout all=warning uptime,level,tags foldmultilines=false
 #1: stderr all=off uptime,level,tags foldmultilines=false

Environment Variables:
JAVA_HOME=C:\Program Files\Java\jdk-21
PATH=C:\Program Files\Microsoft MPI\Bin\;C:\Program Files (x86)\VMware\VMware Workstation\bin\;C:\WINDOWS\system32;C:\WINDOWS;C:\WINDOWS\System32\Wbem;C:\WINDOWS\System32\WindowsPowerShell\v1.0\;C:\WINDOWS\System32\OpenSSH\;C:\Program Files (x86)\Microsoft SQL Server\160\Tools\Binn\;C:\Program Files\Microsoft SQL Server\160\Tools\Binn\;C:\Program Files\Microsoft SQL Server\Client SDK\ODBC\170\Tools\Binn\;C:\Program Files\Microsoft SQL Server\160\DTS\Binn\;C:\Program Files (x86)\Microsoft SQL Server\160\DTS\Binn\;C:\Program Files\Git\cmd;C:\Program Files\nodejs\;C:\Program Files\Microsoft SQL Server\150\Tools\Binn\;C:\Program Files\dotnet\;C:\Program Files (x86)\Windows Kits\10\Windows Performance Toolkit\;C:\apache-maven-3.9.9\bin;C:\Program Files\Java\jdk-21\bin;;C:\Program Files\Docker\Docker\resources\bin;C:\Users\FPT\AppData\Local\Microsoft\WindowsApps;C:\Users\FPT\AppData\Local\Programs\Microsoft VS Code\bin;C:\Program Files\JetBrains\IntelliJ IDEA Community Edition 2023.3.5\bin;;C:\Users\FPT\AppData\Local\GitHubDesktop\bin;C:\Users\FPT\AppData\Roaming\npm;C:\msys64\ucrt64\bin;C:\Users\FPT\.dotnet\tools;C:\Users\FPT\AppData\Local\Programs\cursor\resources\app\bin;
USERNAME=FPT
OS=Windows_NT
PROCESSOR_IDENTIFIER=AMD64 Family 25 Model 80 Stepping 0, AuthenticAMD
TMP=C:\Users\FPT\AppData\Local\Temp
TEMP=C:\Users\FPT\AppData\Local\Temp




Periodic native trim disabled

---------------  S Y S T E M  ---------------

OS:
 Windows 11 , 64 bit Build 26100 (10.0.26100.4484)
OS uptime: 2 days 14:44 hours
Hyper-V role detected

CPU: total 12 (initial active 12) (12 cores per cpu, 2 threads per core) family 25 model 80 stepping 0 microcode 0xa50000d, cx8, cmov, fxsr, ht, mmx, 3dnowpref, sse, sse2, sse3, ssse3, sse4a, sse4.1, sse4.2, popcnt, lzcnt, tsc, tscinvbit, avx, avx2, aes, erms, clmul, bmi1, bmi2, adx, sha, fma, vzeroupper, clflush, clflushopt, hv, rdtscp, rdpid, fsrm, f16c, cet_ss
Processor Information for processor 0
  Max Mhz: 3301, Current Mhz: 1805, Mhz Limit: 3301
Processor Information for processor 1
  Max Mhz: 3301, Current Mhz: 1805, Mhz Limit: 3301
Processor Information for processor 2
  Max Mhz: 3301, Current Mhz: 1805, Mhz Limit: 3301
Processor Information for processor 3
  Max Mhz: 3301, Current Mhz: 1805, Mhz Limit: 3301
Processor Information for processor 4
  Max Mhz: 3301, Current Mhz: 1805, Mhz Limit: 3301
Processor Information for processor 5
  Max Mhz: 3301, Current Mhz: 1805, Mhz Limit: 3301
Processor Information for processor 6
  Max Mhz: 3301, Current Mhz: 1805, Mhz Limit: 3301
Processor Information for processor 7
  Max Mhz: 3301, Current Mhz: 3301, Mhz Limit: 3301
Processor Information for processor 8
  Max Mhz: 3301, Current Mhz: 1805, Mhz Limit: 3301
Processor Information for processor 9
  Max Mhz: 3301, Current Mhz: 3301, Mhz Limit: 3301
Processor Information for processor 10
  Max Mhz: 3301, Current Mhz: 1805, Mhz Limit: 3301
Processor Information for processor 11
  Max Mhz: 3301, Current Mhz: 3301, Mhz Limit: 3301

Memory: 4k page, system-wide physical 15773M (1912M free)
TotalPageFile size 23965M (AvailPageFile size 6M)
current process WorkingSet (physical memory assigned to process): 94M, peak: 95M
current process commit charge ("private bytes"): 359M, peak: 361M

vm_info: OpenJDK 64-Bit Server VM (21.0.7+6-LTS) for windows-amd64 JRE (21.0.7+6-LTS), built on 2025-04-09T22:17:25Z by "MicrosoftCorporation" with unknown MS VC++:1939

END.
